{"E:\\Deliveroo-clone-app\\src\\components\\FooterCard\\FooterCard.tsx": {"path":"E:\\Deliveroo-clone-app\\src\\components\\FooterCard\\FooterCard.tsx","statementMap":{"0":{"start":{"line":2,"column":0},"end":{"line":2,"column":66}},"1":{"start":{"line":12,"column":19},"end":{"line":55,"column":1}},"2":{"start":{"line":13,"column":2},"end":{"line":54,"column":4}},"3":{"start":{"line":36,"column":10},"end":{"line":36,"column":40}},"4":{"start":{"line":57,"column":0},"end":{"line":57,"column":26}}},"fnMap":{"0":{"name":"(anonymous_0)","decl":{"start":{"line":12,"column":19},"end":{"line":12,"column":20}},"loc":{"start":{"line":12,"column":59},"end":{"line":55,"column":1}}},"1":{"name":"(anonymous_1)","decl":{"start":{"line":35,"column":21},"end":{"line":35,"column":22}},"loc":{"start":{"line":36,"column":10},"end":{"line":36,"column":40}}}},"branchMap":{},"s":{"0":1,"1":1,"2":3,"3":6,"4":1},"f":{"0":3,"1":6},"b":{}}
,"E:\\Deliveroo-clone-app\\src\\components\\FooterCard\\IconCard.tsx": {"path":"E:\\Deliveroo-clone-app\\src\\components\\FooterCard\\IconCard.tsx","statementMap":{"0":{"start":{"line":1,"column":0},"end":{"line":1,"column":66}},"1":{"start":{"line":2,"column":0},"end":{"line":2,"column":50}},"2":{"start":{"line":3,"column":0},"end":{"line":3,"column":62}},"3":{"start":{"line":5,"column":17},"end":{"line":51,"column":1}},"4":{"start":{"line":6,"column":2},"end":{"line":50,"column":4}},"5":{"start":{"line":53,"column":0},"end":{"line":53,"column":24}}},"fnMap":{"0":{"name":"(anonymous_0)","decl":{"start":{"line":5,"column":17},"end":{"line":5,"column":20}},"loc":{"start":{"line":5,"column":22},"end":{"line":51,"column":1}}}},"branchMap":{},"s":{"0":0,"1":0,"2":0,"3":0,"4":0,"5":0},"f":{"0":0},"b":{}}
,"E:\\Deliveroo-clone-app\\src\\components\\Header\\Header.tsx": {"path":"E:\\Deliveroo-clone-app\\src\\components\\Header\\Header.tsx","statementMap":{"0":{"start":{"line":1,"column":0},"end":{"line":1,"column":44}},"1":{"start":{"line":2,"column":0},"end":{"line":2,"column":42}},"2":{"start":{"line":3,"column":0},"end":{"line":3,"column":82}},"3":{"start":{"line":4,"column":0},"end":{"line":4,"column":66}},"4":{"start":{"line":5,"column":0},"end":{"line":5,"column":65}},"5":{"start":{"line":6,"column":0},"end":{"line":6,"column":50}},"6":{"start":{"line":7,"column":0},"end":{"line":7,"column":42}},"7":{"start":{"line":8,"column":0},"end":{"line":8,"column":60}},"8":{"start":{"line":9,"column":0},"end":{"line":9,"column":52}},"9":{"start":{"line":10,"column":0},"end":{"line":10,"column":66}},"10":{"start":{"line":11,"column":15},"end":{"line":205,"column":1}},"11":{"start":{"line":12,"column":30},"end":{"line":12,"column":45}},"12":{"start":{"line":13,"column":42},"end":{"line":13,"column":76}},"13":{"start":{"line":14,"column":21},"end":{"line":14,"column":50}},"14":{"start":{"line":15,"column":44},"end":{"line":15,"column":59}},"15":{"start":{"line":16,"column":19},"end":{"line":16,"column":32}},"16":{"start":{"line":17,"column":19},"end":{"line":17,"column":32}},"17":{"start":{"line":19,"column":23},"end":{"line":21,"column":3}},"18":{"start":{"line":19,"column":42},"end":{"line":21,"column":3}},"19":{"start":{"line":20,"column":4},"end":{"line":20,"column":20}},"20":{"start":{"line":23,"column":27},"end":{"line":29,"column":3}},"21":{"start":{"line":24,"column":4},"end":{"line":28,"column":null}},"22":{"start":{"line":25,"column":6},"end":{"line":25,"column":20}},"23":{"start":{"line":27,"column":6},"end":{"line":27,"column":25}},"24":{"start":{"line":31,"column":29},"end":{"line":33,"column":3}},"25":{"start":{"line":32,"column":4},"end":{"line":32,"column":36}},"26":{"start":{"line":35,"column":23},"end":{"line":37,"column":3}},"27":{"start":{"line":36,"column":4},"end":{"line":36,"column":46}},"28":{"start":{"line":39,"column":28},"end":{"line":41,"column":3}},"29":{"start":{"line":40,"column":4},"end":{"line":40,"column":27}},"30":{"start":{"line":43,"column":27},"end":{"line":45,"column":3}},"31":{"start":{"line":44,"column":4},"end":{"line":44,"column":28}},"32":{"start":{"line":47,"column":2},"end":{"line":52,"column":9}},"33":{"start":{"line":48,"column":4},"end":{"line":48,"column":52}},"34":{"start":{"line":49,"column":4},"end":{"line":51,"column":6}},"35":{"start":{"line":50,"column":6},"end":{"line":50,"column":57}},"36":{"start":{"line":54,"column":2},"end":{"line":204,"column":4}},"37":{"start":{"line":207,"column":0},"end":{"line":207,"column":22}}},"fnMap":{"0":{"name":"(anonymous_0)","decl":{"start":{"line":11,"column":15},"end":{"line":11,"column":18}},"loc":{"start":{"line":11,"column":20},"end":{"line":205,"column":1}}},"1":{"name":"(anonymous_1)","decl":{"start":{"line":19,"column":23},"end":{"line":19,"column":24}},"loc":{"start":{"line":19,"column":42},"end":{"line":21,"column":3}}},"2":{"name":"(anonymous_2)","decl":{"start":{"line":19,"column":42},"end":{"line":19,"column":45}},"loc":{"start":{"line":19,"column":47},"end":{"line":21,"column":3}}},"3":{"name":"(anonymous_3)","decl":{"start":{"line":23,"column":27},"end":{"line":23,"column":30}},"loc":{"start":{"line":23,"column":32},"end":{"line":29,"column":3}}},"4":{"name":"(anonymous_4)","decl":{"start":{"line":31,"column":29},"end":{"line":31,"column":32}},"loc":{"start":{"line":31,"column":34},"end":{"line":33,"column":3}}},"5":{"name":"(anonymous_5)","decl":{"start":{"line":35,"column":23},"end":{"line":35,"column":26}},"loc":{"start":{"line":35,"column":28},"end":{"line":37,"column":3}}},"6":{"name":"(anonymous_6)","decl":{"start":{"line":39,"column":28},"end":{"line":39,"column":31}},"loc":{"start":{"line":39,"column":33},"end":{"line":41,"column":3}}},"7":{"name":"(anonymous_7)","decl":{"start":{"line":43,"column":27},"end":{"line":43,"column":30}},"loc":{"start":{"line":43,"column":32},"end":{"line":45,"column":3}}},"8":{"name":"(anonymous_8)","decl":{"start":{"line":47,"column":12},"end":{"line":47,"column":15}},"loc":{"start":{"line":47,"column":17},"end":{"line":52,"column":3}}},"9":{"name":"(anonymous_9)","decl":{"start":{"line":49,"column":11},"end":{"line":49,"column":14}},"loc":{"start":{"line":49,"column":16},"end":{"line":51,"column":5}}}},"branchMap":{"0":{"loc":{"start":{"line":24,"column":4},"end":{"line":28,"column":null}},"type":"if","locations":[{"start":{"line":24,"column":4},"end":{"line":28,"column":null}},{"start":{"line":26,"column":11},"end":{"line":28,"column":null}}]},"1":{"loc":{"start":{"line":58,"column":13},"end":{"line":58,"column":51}},"type":"cond-expr","locations":[{"start":{"line":58,"column":41},"end":{"line":58,"column":42}},{"start":{"line":58,"column":45},"end":{"line":58,"column":51}}]},"2":{"loc":{"start":{"line":72,"column":12},"end":{"line":76,"column":21}},"type":"cond-expr","locations":[{"start":{"line":75,"column":16},"end":{"line":75,"column":21}},{"start":{"line":76,"column":16},"end":{"line":76,"column":21}}]},"3":{"loc":{"start":{"line":72,"column":12},"end":{"line":74,"column":25}},"type":"binary-expr","locations":[{"start":{"line":72,"column":13},"end":{"line":72,"column":43}},{"start":{"line":73,"column":14},"end":{"line":73,"column":51}},{"start":{"line":74,"column":12},"end":{"line":74,"column":25}}]},"4":{"loc":{"start":{"line":102,"column":11},"end":{"line":147,"column":null}},"type":"binary-expr","locations":[{"start":{"line":102,"column":11},"end":{"line":102,"column":36}},{"start":{"line":103,"column":12},"end":{"line":146,"column":null}}]},"5":{"loc":{"start":{"line":104,"column":15},"end":{"line":145,"column":null}},"type":"cond-expr","locations":[{"start":{"line":105,"column":16},"end":{"line":111,"column":null}},{"start":{"line":114,"column":16},"end":{"line":144,"column":null}}]},"6":{"loc":{"start":{"line":119,"column":37},"end":{"line":119,"column":72}},"type":"cond-expr","locations":[{"start":{"line":119,"column":53},"end":{"line":119,"column":60}},{"start":{"line":119,"column":63},"end":{"line":119,"column":72}}]},"7":{"loc":{"start":{"line":120,"column":28},"end":{"line":122,"column":47}},"type":"cond-expr","locations":[{"start":{"line":121,"column":24},"end":{"line":121,"column":41}},{"start":{"line":122,"column":24},"end":{"line":122,"column":47}}]},"8":{"loc":{"start":{"line":130,"column":29},"end":{"line":130,"column":60}},"type":"cond-expr","locations":[{"start":{"line":130,"column":44},"end":{"line":130,"column":50}},{"start":{"line":130,"column":53},"end":{"line":130,"column":60}}]},"9":{"loc":{"start":{"line":151,"column":13},"end":{"line":173,"column":null}},"type":"binary-expr","locations":[{"start":{"line":151,"column":14},"end":{"line":151,"column":44}},{"start":{"line":152,"column":14},"end":{"line":152,"column":51}},{"start":{"line":153,"column":14},"end":{"line":153,"column":27}},{"start":{"line":154,"column":16},"end":{"line":170,"column":null}}]}},"s":{"0":1,"1":1,"2":1,"3":1,"4":1,"5":1,"6":1,"7":1,"8":1,"9":1,"10":1,"11":17,"12":16,"13":16,"14":0,"15":0,"16":0,"17":0,"18":0,"19":0,"20":0,"21":0,"22":0,"23":0,"24":0,"25":0,"26":0,"27":0,"28":0,"29":0,"30":0,"31":0,"32":0,"33":0,"34":0,"35":0,"36":0,"37":1},"f":{"0":17,"1":0,"2":0,"3":0,"4":0,"5":0,"6":0,"7":0,"8":0,"9":0},"b":{"0":[0,0],"1":[0,0],"2":[0,0],"3":[0,0,0],"4":[0,0],"5":[0,0],"6":[0,0],"7":[0,0],"8":[0,0],"9":[0,0,0,0]}}
}
